/root/miniconda3/envs/mimi/lib/python3.12/site-packages/torch/cuda/__init__.py:65: FutureWarning: The pynvml package is deprecated. Please install nvidia-ml-py instead. If you did not install pynvml directly, please report this to the maintainers of the package that installed pynvml for you.
  import pynvml  # type: ignore[import]

============================================================
🔥 传统纯数字 ID 数据流预载全检完毕！ 🔥
  Real item_num    : 1204
  Padding ID       : 1204
  Train Samples    : 7672
  Valid Samples    : 959
  Test  Samples    : 959
============================ Sample Check ============================
  Sample 1: seq=>[86, 1204, 1204, 1204, 1204, 1204, 1204, 1204, 1204, 1204], target=>86
  Sample 2: seq=>[214, 1204, 1204, 1204, 1204, 1204, 1204, 1204, 1204, 1204], target=>214
============================================================


Epoch 0:   0%|          | 0/8 [00:00<?, ?it/s]
Epoch 0:  12%|█▎        | 1/8 [00:00<00:03,  2.01it/s]
Epoch 0: 100%|██████████| 8/8 [00:00<00:00, 12.29it/s]
  Val: HR@1=0.0042  HR@3=0.0052  HR@5=0.0063  HR@10=0.0104  HR@20=0.0334  NDCG@1=0.0042  NDCG@3=0.0048  NDCG@5=0.0052  NDCG@10=0.0065  NDCG@20=0.0119

Epoch 1:   0%|          | 0/8 [00:00<?, ?it/s]
Epoch 1:  12%|█▎        | 1/8 [00:00<00:02,  2.63it/s]
Epoch 1: 100%|██████████| 8/8 [00:00<00:00, 15.38it/s]
  Val: HR@1=0.0042  HR@3=0.0282  HR@5=0.0448  HR@10=0.0490  HR@20=0.0688  NDCG@1=0.0042  NDCG@3=0.0189  NDCG@5=0.0261  NDCG@10=0.0275  NDCG@20=0.0326

Epoch 2:   0%|          | 0/8 [00:00<?, ?it/s]
Epoch 2:  12%|█▎        | 1/8 [00:00<00:02,  3.45it/s]
Epoch 2: 100%|██████████| 8/8 [00:00<00:00, 19.11it/s]
  Val: HR@1=0.0250  HR@3=0.0323  HR@5=0.0501  HR@10=0.0553  HR@20=0.0740  NDCG@1=0.0250  NDCG@3=0.0292  NDCG@5=0.0367  NDCG@10=0.0383  NDCG@20=0.0433

Epoch 3:   0%|          | 0/8 [00:00<?, ?it/s]
Epoch 3:  12%|█▎        | 1/8 [00:00<00:02,  2.50it/s]
Epoch 3: 100%|██████████| 8/8 [00:00<00:00, 15.02it/s]
  Val: HR@1=0.0250  HR@3=0.0323  HR@5=0.0501  HR@10=0.0636  HR@20=0.0834  NDCG@1=0.0250  NDCG@3=0.0291  NDCG@5=0.0367  NDCG@10=0.0411  NDCG@20=0.0464

Epoch 4:   0%|          | 0/8 [00:00<?, ?it/s]
Epoch 4:  12%|█▎        | 1/8 [00:00<00:02,  3.04it/s]
Epoch 4: 100%|██████████| 8/8 [00:00<00:00, 16.80it/s]
  Val: HR@1=0.0250  HR@3=0.0344  HR@5=0.0542  HR@10=0.0730  HR@20=0.1241  NDCG@1=0.0250  NDCG@3=0.0301  NDCG@5=0.0384  NDCG@10=0.0444  NDCG@20=0.0567

Epoch 5:   0%|          | 0/8 [00:00<?, ?it/s]
Epoch 5:  12%|█▎        | 1/8 [00:00<00:02,  2.62it/s]
Epoch 5: 100%|██████████| 8/8 [00:00<00:00, 15.49it/s]
  Val: HR@1=0.0261  HR@3=0.0344  HR@5=0.0553  HR@10=0.0751  HR@20=0.1439  NDCG@1=0.0261  NDCG@3=0.0305  NDCG@5=0.0392  NDCG@10=0.0456  NDCG@20=0.0632

Epoch 6:   0%|          | 0/8 [00:00<?, ?it/s]
Epoch 6:  12%|█▎        | 1/8 [00:00<00:02,  3.17it/s]
Epoch 6: 100%|██████████| 8/8 [00:00<00:00, 18.23it/s]
  Val: HR@1=0.0250  HR@3=0.0323  HR@5=0.0584  HR@10=0.0782  HR@20=0.1564  NDCG@1=0.0250  NDCG@3=0.0291  NDCG@5=0.0399  NDCG@10=0.0462  NDCG@20=0.0660

Epoch 7:   0%|          | 0/8 [00:00<?, ?it/s]
Epoch 7:  12%|█▎        | 1/8 [00:00<00:02,  3.09it/s]
Epoch 7: 100%|██████████| 8/8 [00:00<00:00, 17.16it/s]
  Val: HR@1=0.0031  HR@3=0.0334  HR@5=0.0594  HR@10=0.0980  HR@20=0.1554  NDCG@1=0.0031  NDCG@3=0.0215  NDCG@5=0.0322  NDCG@10=0.0441  NDCG@20=0.0590

Epoch 8:   0%|          | 0/8 [00:00<?, ?it/s]
Epoch 8:  12%|█▎        | 1/8 [00:00<00:01,  3.72it/s]
Epoch 8: 100%|██████████| 8/8 [00:00<00:00, 20.02it/s]
  Val: HR@1=0.0031  HR@3=0.0334  HR@5=0.0584  HR@10=0.1168  HR@20=0.1564  NDCG@1=0.0031  NDCG@3=0.0215  NDCG@5=0.0314  NDCG@10=0.0491  NDCG@20=0.0592

Epoch 9:   0%|          | 0/8 [00:00<?, ?it/s]
Epoch 9:  12%|█▎        | 1/8 [00:00<00:02,  3.16it/s]
Epoch 9: 100%|██████████| 8/8 [00:00<00:00, 17.29it/s]
  Val: HR@1=0.0031  HR@3=0.0313  HR@5=0.0584  HR@10=0.1168  HR@20=0.1658  NDCG@1=0.0031  NDCG@3=0.0199  NDCG@5=0.0307  NDCG@10=0.0485  NDCG@20=0.0609

Epoch 10:   0%|          | 0/8 [00:00<?, ?it/s]
Epoch 10:  12%|█▎        | 1/8 [00:00<00:01,  3.65it/s]
Epoch 10: 100%|██████████| 8/8 [00:00<00:00, 19.33it/s]
  Val: HR@1=0.0031  HR@3=0.0292  HR@5=0.0563  HR@10=0.1230  HR@20=0.1710  NDCG@1=0.0031  NDCG@3=0.0189  NDCG@5=0.0297  NDCG@10=0.0503  NDCG@20=0.0622

Epoch 11:   0%|          | 0/8 [00:00<?, ?it/s]
Epoch 11:  12%|█▎        | 1/8 [00:00<00:01,  3.50it/s]
Epoch 11: 100%|██████████| 8/8 [00:00<00:00, 18.83it/s]
  Val: HR@1=0.0031  HR@3=0.0282  HR@5=0.0448  HR@10=0.1230  HR@20=0.1814  NDCG@1=0.0031  NDCG@3=0.0184  NDCG@5=0.0252  NDCG@10=0.0503  NDCG@20=0.0647

Epoch 12:   0%|          | 0/8 [00:00<?, ?it/s]
Epoch 12:  12%|█▎        | 1/8 [00:00<00:01,  3.67it/s]
Epoch 12: 100%|██████████| 8/8 [00:00<00:00, 19.58it/s]
  Val: HR@1=0.0031  HR@3=0.0292  HR@5=0.0469  HR@10=0.1220  HR@20=0.1835  NDCG@1=0.0031  NDCG@3=0.0188  NDCG@5=0.0260  NDCG@10=0.0507  NDCG@20=0.0659

Epoch 13:   0%|          | 0/8 [00:00<?, ?it/s]
Epoch 13:  12%|█▎        | 1/8 [00:00<00:03,  2.15it/s]
Epoch 13: 100%|██████████| 8/8 [00:00<00:00, 13.22it/s]
  Val: HR@1=0.0031  HR@3=0.0115  HR@5=0.0469  HR@10=0.1220  HR@20=0.1835  NDCG@1=0.0031  NDCG@3=0.0077  NDCG@5=0.0226  NDCG@10=0.0474  NDCG@20=0.0626

Epoch 14:   0%|          | 0/8 [00:00<?, ?it/s]
Epoch 14:  12%|█▎        | 1/8 [00:00<00:02,  3.33it/s]
Epoch 14: 100%|██████████| 8/8 [00:00<00:00, 17.62it/s]
  Val: HR@1=0.0031  HR@3=0.0115  HR@5=0.0469  HR@10=0.1230  HR@20=0.1700  NDCG@1=0.0031  NDCG@3=0.0080  NDCG@5=0.0228  NDCG@10=0.0480  NDCG@20=0.0596

Epoch 15:   0%|          | 0/8 [00:00<?, ?it/s]
Epoch 15:  12%|█▎        | 1/8 [00:00<00:03,  2.25it/s]
Epoch 15: 100%|██████████| 8/8 [00:00<00:00, 13.72it/s]
  Val: HR@1=0.0031  HR@3=0.0115  HR@5=0.0469  HR@10=0.1230  HR@20=0.1700  NDCG@1=0.0031  NDCG@3=0.0078  NDCG@5=0.0225  NDCG@10=0.0478  NDCG@20=0.0595

Epoch 16:   0%|          | 0/8 [00:00<?, ?it/s]
Epoch 16:  12%|█▎        | 1/8 [00:00<00:03,  2.21it/s]
Epoch 16: 100%|██████████| 8/8 [00:00<00:00, 13.61it/s]
  Val: HR@1=0.0031  HR@3=0.0115  HR@5=0.0469  HR@10=0.1230  HR@20=0.1700  NDCG@1=0.0031  NDCG@3=0.0078  NDCG@5=0.0220  NDCG@10=0.0472  NDCG@20=0.0588

Epoch 17:   0%|          | 0/8 [00:00<?, ?it/s]
Epoch 17:  12%|█▎        | 1/8 [00:00<00:03,  2.12it/s]
Epoch 17: 100%|██████████| 8/8 [00:00<00:00, 12.77it/s]
  Val: HR@1=0.0031  HR@3=0.0115  HR@5=0.0407  HR@10=0.1241  HR@20=0.1731  NDCG@1=0.0031  NDCG@3=0.0078  NDCG@5=0.0196  NDCG@10=0.0472  NDCG@20=0.0593

Epoch 18:   0%|          | 0/8 [00:00<?, ?it/s]
Epoch 18:  12%|█▎        | 1/8 [00:00<00:02,  2.73it/s]
Epoch 18: 100%|██████████| 8/8 [00:00<00:00, 16.17it/s]
  Val: HR@1=0.0031  HR@3=0.0115  HR@5=0.0407  HR@10=0.1241  HR@20=0.1721  NDCG@1=0.0031  NDCG@3=0.0076  NDCG@5=0.0198  NDCG@10=0.0475  NDCG@20=0.0593

Epoch 19:   0%|          | 0/8 [00:00<?, ?it/s]
Epoch 19:  12%|█▎        | 1/8 [00:00<00:04,  1.55it/s]
Epoch 19: 100%|██████████| 8/8 [00:00<00:00, 10.09it/s]
  Val: HR@1=0.0031  HR@3=0.0115  HR@5=0.0407  HR@10=0.1241  HR@20=0.1710  NDCG@1=0.0031  NDCG@3=0.0077  NDCG@5=0.0199  NDCG@10=0.0481  NDCG@20=0.0597

Epoch 20:   0%|          | 0/8 [00:00<?, ?it/s]
Epoch 20:  12%|█▎        | 1/8 [00:00<00:02,  3.08it/s]
Epoch 20: 100%|██████████| 8/8 [00:00<00:00, 17.22it/s]
  Val: HR@1=0.0031  HR@3=0.0115  HR@5=0.0407  HR@10=0.1241  HR@20=0.1679  NDCG@1=0.0031  NDCG@3=0.0077  NDCG@5=0.0198  NDCG@10=0.0479  NDCG@20=0.0587

Epoch 21:   0%|          | 0/8 [00:00<?, ?it/s]
Epoch 21:  12%|█▎        | 1/8 [00:00<00:01,  3.73it/s]
Epoch 21: 100%|██████████| 8/8 [00:00<00:00, 20.16it/s]
  Val: HR@1=0.0031  HR@3=0.0115  HR@5=0.0417  HR@10=0.1241  HR@20=0.1700  NDCG@1=0.0031  NDCG@3=0.0077  NDCG@5=0.0199  NDCG@10=0.0474  NDCG@20=0.0588

Epoch 22:   0%|          | 0/8 [00:00<?, ?it/s]
Epoch 22:  12%|█▎        | 1/8 [00:00<00:02,  2.37it/s]
Epoch 22: 100%|██████████| 8/8 [00:00<00:00, 14.41it/s]
  Val: HR@1=0.0031  HR@3=0.0115  HR@5=0.0719  HR@10=0.1241  HR@20=0.1710  NDCG@1=0.0031  NDCG@3=0.0077  NDCG@5=0.0330  NDCG@10=0.0496  NDCG@20=0.0613

Epoch 23:   0%|          | 0/8 [00:00<?, ?it/s]
Epoch 23:  12%|█▎        | 1/8 [00:00<00:01,  4.30it/s]
Epoch 23: 100%|██████████| 8/8 [00:00<00:00, 22.45it/s]
  Val: HR@1=0.0031  HR@3=0.0115  HR@5=0.0761  HR@10=0.1262  HR@20=0.1700  NDCG@1=0.0031  NDCG@3=0.0077  NDCG@5=0.0346  NDCG@10=0.0504  NDCG@20=0.0613

Epoch 24:   0%|          | 0/8 [00:00<?, ?it/s]
Epoch 24:  12%|█▎        | 1/8 [00:00<00:02,  2.55it/s]
Epoch 24: 100%|██████████| 8/8 [00:00<00:00, 15.40it/s]
  Val: HR@1=0.0031  HR@3=0.0104  HR@5=0.0761  HR@10=0.1262  HR@20=0.1710  NDCG@1=0.0031  NDCG@3=0.0072  NDCG@5=0.0345  NDCG@10=0.0503  NDCG@20=0.0614

Epoch 25:   0%|          | 0/8 [00:00<?, ?it/s]
Epoch 25:  12%|█▎        | 1/8 [00:00<00:01,  3.57it/s]
Epoch 25: 100%|██████████| 8/8 [00:00<00:00, 19.70it/s]
  Val: HR@1=0.0031  HR@3=0.0104  HR@5=0.0751  HR@10=0.1241  HR@20=0.1710  NDCG@1=0.0031  NDCG@3=0.0072  NDCG@5=0.0341  NDCG@10=0.0503  NDCG@20=0.0620

Epoch 26:   0%|          | 0/8 [00:00<?, ?it/s]
Epoch 26:  12%|█▎        | 1/8 [00:00<00:02,  3.00it/s]
Epoch 26:  88%|████████▊ | 7/8 [00:00<00:00, 14.55it/s]
  Val: HR@1=0.0031  HR@3=0.0104  HR@5=0.0719  HR@10=0.1241  HR@20=0.1710  NDCG@1=0.0031  NDCG@3=0.0072  NDCG@5=0.0329  NDCG@10=0.0503  NDCG@20=0.0620
Early stop at epoch 26

============================== 【最终训练测试结卡】 ==============================
c
===========================================================================
Best ckpt generated from epoch 6 (val NDCG@20=0.0660)

